(fastai) pczapla@galatea ~/w/ulmfit4de ❯❯❯ dir=work/wiki30k
BS=192
nl=4
cuda=0
python fastai_scripts/pretrain_lm.py --dir-path "${dir}" --cuda-id $cuda --cl 12 --bs "${BS}" --lr 0.01 --pretrain-id "nl-${nl}-small-minilr" --sentence-piece-model sp.model --nl "${nl}"
train_lm(dir_path=work/wiki30k, cuda_id=0, cl=12, bs=192, backwards=False, lr=0.01, sampled=True, pretrain_id=nl-4-small-minilr, sentence_piece_model=sp.model, batch_sets=1, em_sz=400, nh=1150, nl=4)
Tokens to words fraction: 1.5994601551349397
Epoch:   0%|                                                                                 | 0/12 [00:00<?, ?it/sepoch      trn_loss   val_loss   accuracy
    0      4.480352   3.744285   0.38241
Epoch:   8%|█████▌                                                            | 1/12 [1:49:32<20:05:00, 6572.73s/it    1      4.350872   3.591883   0.399484
Epoch:  17%|███████████                                                       | 2/12 [3:39:14<18:16:10, 6577.02s/it    2      4.273034   3.508802   0.409233
Epoch:  25%|████████████████▌                                                 | 3/12 [5:28:39<16:25:57, 6573.03s/it    3      4.213831   3.438031   0.417689
Epoch:  33%|██████████████████████                                            | 4/12 [7:18:12<14:36:25, 6573.17s/it    4      4.169942   3.398202   0.424298
Epoch:  42%|███████████████████████████▌                                      | 5/12 [9:07:43<12:46:48, 6572.70s/it    5      4.129915   3.357917   0.429928
Epoch:  50%|████████████████████████████████▌                                | 6/12 [10:57:33<10:57:33, 6575.64s/it    6      4.082751   3.310802   0.436389
Epoch:  58%|██████████████████████████████████████▌                           | 7/12 [12:47:13<9:08:00, 6576.15s/it    7      4.027577   3.271201   0.442223
Epoch:  67%|████████████████████████████████████████████                      | 8/12 [14:36:56<7:18:28, 6577.09s/it    8      3.9906     3.236399   0.448125
Epoch:  75%|█████████████████████████████████████████████████▌                | 9/12 [16:26:45<5:28:55, 6578.40s/it    9      3.938214   3.208448   0.454097
Epoch:  83%|██████████████████████████████████████████████████████▏          | 10/12 [18:16:27<3:39:17, 6578.71s/it    10     3.904736   3.183524   0.459883
Epoch:  92%|███████████████████████████████████████████████████████████▌     | 11/12 [20:06:02<1:49:38, 6578.39s/it    11     3.852059   3.159713   0.465222
Epoch: 100%|███████████████████████████████████████████████████████████████████| 12/12 [21:55:27<00:00, 6577.32s/it]
(fastai) pczapla@galatea ~/w/ulmfit4de ❯❯❯